<?xml version="1.0" encoding="UTF-8"?>
<!-- Generated by org.testng.reporters.JUnitReportReporter -->
<testsuite skipped="0" hostname="Ty-Deepak-Tr" name="sample.SampleTest" tests="1" failures="0" timestamp="16 Dec 2020 12:15:48 GMT" time="9.002" errors="0">
  <testcase name="sampleTest" time="9.002" classname="sample.SampleTest"/>
</testsuite> <!-- sample.SampleTest -->
