<?xml version="1.0" encoding="UTF-8"?>
<!-- Generated by org.testng.reporters.JUnitReportReporter -->
<testsuite skipped="0" hostname="Ty-Deepak-Tr" name="sample.AddToCart" tests="4" failures="0" timestamp="18 Dec 2020 06:20:13 GMT" time="0.017" errors="0">
  <testcase name="addToCart" time="0.002" classname="sample.AddToCart"/>
  <testcase name="addToCart" time="0.012" classname="sample.AddToCart"/>
  <testcase name="addToCart" time="0.002" classname="sample.AddToCart"/>
  <testcase name="addToCart" time="0.001" classname="sample.AddToCart"/>
</testsuite> <!-- sample.AddToCart -->
