<?xml version="1.0" encoding="UTF-8"?>
<!-- Generated by org.testng.reporters.JUnitReportReporter -->
<testsuite skipped="0" hostname="Ty-Deepak-Tr" name="sample.AddToCart2" tests="59" failures="0" timestamp="18 Dec 2020 06:28:09 GMT" time="0.128" errors="0">
  <testcase name="addToCart" time="0.001" classname="sample.AddToCart2"/>
  <testcase name="addToCart" time="0.001" classname="sample.AddToCart2"/>
  <testcase name="addToCart" time="0.001" classname="sample.AddToCart2"/>
  <testcase name="addToCart" time="0.002" classname="sample.AddToCart2"/>
  <testcase name="addToCart" time="0.001" classname="sample.AddToCart2"/>
  <testcase name="addToCart" time="0.002" classname="sample.AddToCart2"/>
  <testcase name="addToCart" time="0.001" classname="sample.AddToCart2"/>
  <testcase name="addToCart" time="0.003" classname="sample.AddToCart2"/>
  <testcase name="addToCart" time="0.001" classname="sample.AddToCart2"/>
  <testcase name="addToCart" time="0.001" classname="sample.AddToCart2"/>
  <testcase name="addToCart" time="0.001" classname="sample.AddToCart2"/>
  <testcase name="addToCart" time="0.001" classname="sample.AddToCart2"/>
  <testcase name="addToCart" time="0.001" classname="sample.AddToCart2"/>
  <testcase name="addToCart" time="0.001" classname="sample.AddToCart2"/>
  <testcase name="addToCart" time="0.001" classname="sample.AddToCart2"/>
  <testcase name="addToCart" time="0.001" classname="sample.AddToCart2"/>
  <testcase name="addToCart" time="0.001" classname="sample.AddToCart2"/>
  <testcase name="addToCart" time="0.001" classname="sample.AddToCart2"/>
  <testcase name="addToCart" time="0.002" classname="sample.AddToCart2"/>
  <testcase name="addToCart" time="0.004" classname="sample.AddToCart2"/>
  <testcase name="addToCart" time="0.001" classname="sample.AddToCart2"/>
  <testcase name="addToCart" time="0.002" classname="sample.AddToCart2"/>
  <testcase name="addToCart" time="0.001" classname="sample.AddToCart2"/>
  <testcase name="addToCart" time="0.001" classname="sample.AddToCart2"/>
  <testcase name="addToCart" time="0.005" classname="sample.AddToCart2"/>
  <testcase name="addToCart" time="0.001" classname="sample.AddToCart2"/>
  <testcase name="addToCart" time="0.001" classname="sample.AddToCart2"/>
  <testcase name="addToCart" time="0.004" classname="sample.AddToCart2"/>
  <testcase name="addToCart" time="0.001" classname="sample.AddToCart2"/>
  <testcase name="addToCart" time="0.002" classname="sample.AddToCart2"/>
  <testcase name="addToCart" time="0.001" classname="sample.AddToCart2"/>
  <testcase name="addToCart" time="0.001" classname="sample.AddToCart2"/>
  <testcase name="addToCart" time="0.001" classname="sample.AddToCart2"/>
  <testcase name="addToCart" time="0.001" classname="sample.AddToCart2"/>
  <testcase name="addToCart" time="0.003" classname="sample.AddToCart2"/>
  <testcase name="addToCart" time="0.002" classname="sample.AddToCart2"/>
  <testcase name="addToCart" time="0.001" classname="sample.AddToCart2"/>
  <testcase name="addToCart" time="0.001" classname="sample.AddToCart2"/>
  <testcase name="addToCart" time="0.001" classname="sample.AddToCart2"/>
  <testcase name="addToCart" time="0.001" classname="sample.AddToCart2"/>
  <testcase name="addToCart" time="0.006" classname="sample.AddToCart2"/>
  <testcase name="addToCart" time="0.001" classname="sample.AddToCart2"/>
  <testcase name="addToCart" time="0.015" classname="sample.AddToCart2"/>
  <testcase name="addToCart" time="0.002" classname="sample.AddToCart2"/>
  <testcase name="addToCart" time="0.005" classname="sample.AddToCart2"/>
  <testcase name="addToCart" time="0.003" classname="sample.AddToCart2"/>
  <testcase name="addToCart" time="0.012" classname="sample.AddToCart2"/>
  <testcase name="addToCart" time="0.001" classname="sample.AddToCart2"/>
  <testcase name="addToCart" time="0.002" classname="sample.AddToCart2"/>
  <testcase name="addToCart" time="0.001" classname="sample.AddToCart2"/>
  <testcase name="addToCart" time="0.003" classname="sample.AddToCart2"/>
  <testcase name="addToCart" time="0.003" classname="sample.AddToCart2"/>
  <testcase name="addToCart" time="0.001" classname="sample.AddToCart2"/>
  <testcase name="addToCart" time="0.001" classname="sample.AddToCart2"/>
  <testcase name="addToCart" time="0.000" classname="sample.AddToCart2"/>
  <testcase name="addToCart" time="0.001" classname="sample.AddToCart2"/>
  <testcase name="addToCart" time="0.009" classname="sample.AddToCart2"/>
  <testcase name="addToCart" time="0.000" classname="sample.AddToCart2"/>
  <testcase name="addToCart" time="0.002" classname="sample.AddToCart2"/>
</testsuite> <!-- sample.AddToCart2 -->
