<?xml version="1.0" encoding="UTF-8"?>
<!-- Generated by org.testng.reporters.JUnitReportReporter -->
<testsuite skipped="0" hostname="Ty-Deepak-Tr" name="com.comcast.conatcttest.DeleteCoantctTest" tests="1" failures="0" timestamp="15 Dec 2020 10:56:03 GMT" time="31.986" errors="0">
  <testcase name="createConatctWithORg" time="31.986" classname="com.comcast.conatcttest.DeleteCoantctTest"/>
</testsuite> <!-- com.comcast.conatcttest.DeleteCoantctTest -->
