<?xml version="1.0" encoding="UTF-8"?>
<!-- Generated by org.testng.reporters.JUnitReportReporter -->
<testsuite skipped="0" hostname="Ty-Deepak-Tr" name="com.comcast.conatcttest.CreateCoantctTest" tests="2" failures="0" timestamp="17 Dec 2020 10:50:48 GMT" time="51.768" errors="0">
  <testcase name="createConatct" time="22.119" classname="com.comcast.conatcttest.CreateCoantctTest"/>
  <testcase name="createConatct" time="29.649" classname="com.comcast.conatcttest.CreateCoantctTest"/>
</testsuite> <!-- com.comcast.conatcttest.CreateCoantctTest -->
