<?xml version="1.0" encoding="UTF-8"?>
<!-- Generated by org.testng.reporters.JUnitReportReporter -->
<testsuite skipped="0" hostname="Ty-Deepak-Tr" name="com.comcast.orgnaizationtest.CreateOrganixzationWithIndustryTest" tests="2" failures="0" timestamp="17 Dec 2020 10:50:48 GMT" time="63.885" errors="0">
  <testcase name="createOrgWithIndustry" time="31.688" classname="com.comcast.orgnaizationtest.CreateOrganixzationWithIndustryTest"/>
  <testcase name="createOrgWithIndustry" time="32.197" classname="com.comcast.orgnaizationtest.CreateOrganixzationWithIndustryTest"/>
</testsuite> <!-- com.comcast.orgnaizationtest.CreateOrganixzationWithIndustryTest -->
