<?xml version="1.0" encoding="UTF-8"?>
<!-- Generated by org.testng.reporters.JUnitReportReporter -->
<testsuite skipped="0" hostname="Ty-Deepak-Tr" name="com.comcast.orgnaizationtest.CreateOrganixzationWithIndustryTypeTest" tests="1" failures="0" timestamp="17 Dec 2020 08:25:35 GMT" time="41.310" errors="0">
  <testcase name="createConatctWithORg" time="41.310" classname="com.comcast.orgnaizationtest.CreateOrganixzationWithIndustryTypeTest"/>
</testsuite> <!-- com.comcast.orgnaizationtest.CreateOrganixzationWithIndustryTypeTest -->
